<?xml version="1.0" encoding="UTF-8"?>
<!-- Generated by org.testng.reporters.JUnitReportReporter -->
<testsuite hostname="ANHBEATZ" failures="0" tests="1" name="Tests.validateNavigationBar" time="7.158" errors="0" timestamp="2022-01-26T19:12:20 CET" skipped="0">
  <testcase classname="Tests.validateNavigationBar" name="basePageNavigation" time="7.158"/>
  <system-out/>
</testsuite> <!-- Tests.validateNavigationBar -->
