<?xml version="1.0" encoding="UTF-8"?>
<!-- Generated by org.testng.reporters.JUnitReportReporter -->
<testsuite hostname="ANHBEATZ" failures="0" tests="1" name="Tests.FileUpload" time="12.389" errors="0" timestamp="2022-01-26T19:12:20 CET" skipped="0">
  <testcase classname="Tests.FileUpload" name="FileUploadTest" time="12.389"/>
  <system-out/>
</testsuite> <!-- Tests.FileUpload -->
