<?xml version="1.0" encoding="UTF-8"?>
<!-- Generated by org.testng.reporters.JUnitReportReporter -->
<testsuite hostname="ANHBEATZ" failures="0" tests="1" name="Academy.ValidatUrl" time="0.010" errors="0" timestamp="2021-12-22T01:39:42 CET" skipped="0">
  <testcase classname="Academy.ValidatUrl" name="ValidateUrl" time="0.010"/>
  <system-out/>
</testsuite> <!-- Academy.ValidatUrl -->
