<?xml version="1.0" encoding="UTF-8"?>
<!-- Generated by org.testng.reporters.JUnitReportReporter -->
<testsuite hostname="ANHBEATZ" failures="0" tests="1" name="Tests.TableCount" time="7.795" errors="0" timestamp="2022-01-26T19:12:20 CET" skipped="0">
  <testcase classname="Tests.TableCount" name="tableRowsCount" time="7.795"/>
  <system-out/>
</testsuite> <!-- Tests.TableCount -->
