<?xml version="1.0" encoding="UTF-8"?>
<!-- Generated by org.testng.reporters.JUnitReportReporter -->
<testsuite hostname="ANHBEATZ" failures="0" tests="3" name="TestCases.HomePage" time="28.499" errors="0" timestamp="2022-01-26T15:41:39 CET" skipped="0">
  <testcase classname="TestCases.HomePage" name="basePageNavigation" time="10.574"/>
  <system-out/>
  <testcase classname="TestCases.HomePage" name="basePageNavigation" time="9.031"/>
  <system-out/>
  <testcase classname="TestCases.HomePage" name="ForgotPsw" time="8.894"/>
  <system-out/>
</testsuite> <!-- TestCases.HomePage -->
