<?xml version="1.0" encoding="UTF-8"?>
<!-- Generated by org.testng.reporters.JUnitReportReporter -->
<testsuite hostname="ANHBEATZ" failures="0" tests="1" name="TestCases.FileUpload" time="10.228" errors="0" timestamp="2022-01-26T16:21:52 CET" skipped="0">
  <testcase classname="TestCases.FileUpload" name="FileUploadTest" time="10.228"/>
  <system-out/>
</testsuite> <!-- TestCases.FileUpload -->
