<?xml version="1.0" encoding="UTF-8"?>
<!-- Generated by org.testng.reporters.JUnitReportReporter -->
<testsuite hostname="ANHBEATZ" failures="0" tests="1" name="Academy.validateNavigationBar" time="0.249" errors="0" timestamp="2022-01-07T22:33:02 CET" skipped="0">
  <testcase classname="Academy.validateNavigationBar" name="basePageNavigation" time="0.249"/>
  <system-out/>
</testsuite> <!-- Academy.validateNavigationBar -->
