<?xml version="1.0" encoding="UTF-8"?>
<!-- Generated by org.testng.reporters.JUnitReportReporter -->
<testsuite hostname="ANHBEATZ" failures="0" tests="2" name="Academy.HomePage" time="21.722" errors="0" timestamp="2022-01-07T22:33:02 CET" skipped="0">
  <testcase classname="Academy.HomePage" name="basePageNavigation" time="14.499"/>
  <system-out/>
  <testcase classname="Academy.HomePage" name="basePageNavigation" time="7.223"/>
  <system-out/>
</testsuite> <!-- Academy.HomePage -->
